<?xml version="1.0" encoding="UTF-8"?>
<!-- Generated by org.testng.reporters.JUnitReportReporter -->
<testsuite hostname="DESKTOP-HPIDB9I" failures="0" tests="16" name="com.it_academy.page_object.testNg.OnlinerCatalogPageTest" time="108.354" errors="0" timestamp="2022-08-09T19:57:26 MSK" skipped="0">
  <testcase classname="com.it_academy.page_object.testNg.OnlinerCatalogPageTest" name="testIsItemFromHorizontalListVisible" time="2.458"/>
  <system-out/>
  <testcase classname="com.it_academy.page_object.testNg.OnlinerCatalogPageTest" name="testIsItemFromHorizontalListVisible" time="1.679"/>
  <system-out/>
  <testcase classname="com.it_academy.page_object.testNg.OnlinerCatalogPageTest" name="testIsItemFromHorizontalListVisible" time="1.607"/>
  <system-out/>
  <testcase classname="com.it_academy.page_object.testNg.OnlinerCatalogPageTest" name="testAssertThatAllItemsMinPriceVisible" time="31.204"/>
  <system-out/>
  <testcase classname="com.it_academy.page_object.testNg.OnlinerCatalogPageTest" name="testIsItemFromHorizontalListVisible" time="7.353"/>
  <system-out/>
  <testcase classname="com.it_academy.page_object.testNg.OnlinerCatalogPageTest" name="testIsItemFromHorizontalListVisible" time="2.428"/>
  <system-out/>
  <testcase classname="com.it_academy.page_object.testNg.OnlinerCatalogPageTest" name="testIsItemFromHorizontalListVisible" time="1.702"/>
  <system-out/>
  <testcase classname="com.it_academy.page_object.testNg.OnlinerCatalogPageTest" name="testAssertThatAllItemsTitlesVisible" time="13.031"/>
  <system-out/>
  <testcase classname="com.it_academy.page_object.testNg.OnlinerCatalogPageTest" name="testIsItemFromVerticalListVisible" time="5.655"/>
  <system-out/>
  <testcase classname="com.it_academy.page_object.testNg.OnlinerCatalogPageTest" name="testIsItemFromVerticalListVisible" time="5.400"/>
  <system-out/>
  <testcase classname="com.it_academy.page_object.testNg.OnlinerCatalogPageTest" name="testIsItemFromVerticalListVisible" time="4.865"/>
  <system-out/>
  <testcase classname="com.it_academy.page_object.testNg.OnlinerCatalogPageTest" name="testIsItemFromHorizontalListVisible" time="1.843"/>
  <system-out/>
  <testcase classname="com.it_academy.page_object.testNg.OnlinerCatalogPageTest" name="testIsItemFromVerticalListVisible" time="4.911"/>
  <system-out/>
  <testcase classname="com.it_academy.page_object.testNg.OnlinerCatalogPageTest" name="testAssertThatAllItemsQuantityVisible" time="20.780"/>
  <system-out/>
  <testcase classname="com.it_academy.page_object.testNg.OnlinerCatalogPageTest" name="testIsItemFromHorizontalListVisible" time="1.801"/>
  <system-out/>
  <testcase classname="com.it_academy.page_object.testNg.OnlinerCatalogPageTest" name="testIsItemFromHorizontalListVisible" time="1.637"/>
  <system-out/>
</testsuite> <!-- com.it_academy.page_object.testNg.OnlinerCatalogPageTest -->
