<?xml version="1.0" encoding="UTF-8"?>
<!-- Generated by org.testng.reporters.JUnitReportReporter -->
<testsuite hostname="DESKTOP-HPIDB9I" failures="0" tests="5" name="com.it_academy.rest_api.APITest" time="7.471" errors="0" timestamp="2022-08-09T19:57:26 MSK" skipped="0">
  <testcase classname="com.it_academy.rest_api.APITest" name="testThatAllFilteredProductsHasNamePrefixFromValue" time="4.876"/>
  <system-out/>
  <testcase classname="com.it_academy.rest_api.APITest" name="testThatSushiProductNameNotEmpty" time="0.350"/>
  <system-out/>
  <testcase classname="com.it_academy.rest_api.APITest" name="testThatSushiProductKeyNotEmpty" time="0.454"/>
  <system-out/>
  <testcase classname="com.it_academy.rest_api.APITest" name="testThatSushiProductIdNotEmpty" time="0.352"/>
  <system-out/>
  <testcase classname="com.it_academy.rest_api.APITest" name="testThatSushiProductFullNameNotEmpty" time="1.439"/>
  <system-out/>
</testsuite> <!-- com.it_academy.rest_api.APITest -->
