<?xml version="1.0" encoding="UTF-8"?>
<!-- Generated by org.testng.reporters.JUnitReportReporter -->
<testsuite hostname="DESKTOP-HPIDB9I" failures="0" tests="14" name="com.it_academy.page_object.testNg.OnlinerHeaderPageTest" time="95.877" errors="0" timestamp="2022-08-09T19:57:26 MSK" skipped="0">
  <testcase classname="com.it_academy.page_object.testNg.OnlinerHeaderPageTest" name="testAssertThatCarMarketDropdownListHasSize" time="0.948"/>
  <system-out/>
  <testcase classname="com.it_academy.page_object.testNg.OnlinerHeaderPageTest" name="testAssertThatCarMarketDropdownListContainsValue" time="5.223"/>
  <system-out/>
  <testcase classname="com.it_academy.page_object.testNg.OnlinerHeaderPageTest" name="testAssertThatCarMarketDropdownListContainsValue" time="5.096"/>
  <system-out/>
  <testcase classname="com.it_academy.page_object.testNg.OnlinerHeaderPageTest" name="testAssertThatHousesAndFlatsDropdownListContainsValue" time="6.966"/>
  <system-out/>
  <testcase classname="com.it_academy.page_object.testNg.OnlinerHeaderPageTest" name="testAssertThatCarMarketDropdownListContainsValue" time="11.980"/>
  <system-out/>
  <testcase classname="com.it_academy.page_object.testNg.OnlinerHeaderPageTest" name="testAssertThatCarMarketDropdownListContainsValue" time="17.312"/>
  <system-out/>
  <testcase classname="com.it_academy.page_object.testNg.OnlinerHeaderPageTest" name="testAssertThatHousesAndFlatsDropdownListHasSize" time="1.161"/>
  <system-out/>
  <testcase classname="com.it_academy.page_object.testNg.OnlinerHeaderPageTest" name="testAssertThatHousesAndFlatsDropdownListContainsValue" time="1.712"/>
  <system-out/>
  <testcase classname="com.it_academy.page_object.testNg.OnlinerHeaderPageTest" name="testAssertThatCarMarketDropdownListContainsValue" time="7.410"/>
  <system-out/>
  <testcase classname="com.it_academy.page_object.testNg.OnlinerHeaderPageTest" name="testAssertThatHousesAndFlatsDropdownListContainsValue" time="3.315"/>
  <system-out/>
  <testcase classname="com.it_academy.page_object.testNg.OnlinerHeaderPageTest" name="testAssertThatHousesAndFlatsDropdownListContainsValue" time="8.020"/>
  <system-out/>
  <testcase classname="com.it_academy.page_object.testNg.OnlinerHeaderPageTest" name="testAssertThatDropdownListIsDisplayedWhenMouseOnCarMarketTitle" time="10.480"/>
  <system-out/>
  <testcase classname="com.it_academy.page_object.testNg.OnlinerHeaderPageTest" name="testAssertThatHousesAndFlatsDropdownListContainsValue" time="6.342"/>
  <system-out/>
  <testcase classname="com.it_academy.page_object.testNg.OnlinerHeaderPageTest" name="testAssertThatDropdownListIsDisplayedWhenMouseOnHousesAndFlatsTitle" time="9.912"/>
  <system-out/>
</testsuite> <!-- com.it_academy.page_object.testNg.OnlinerHeaderPageTest -->
